<?xml version="1.0" ?>
<!DOCTYPE coverage SYSTEM "http://cobertura.sourceforge.net/xml/coverage-04.dtd">
<coverage lines-valid="1250" lines-covered="1200" line-rate="0.96" branches-valid="300" branches-covered="285" branch-rate="0.95" timestamp="1717200000" complexity="1.2" version="0.1">
  <sources>
    <source>d:/velora/backend/app</source>
  </sources>
  <packages>
    <package name="App\Modules\Refund" line-rate="1.0" branch-rate="1.0" complexity="1.0">
      <classes>
        <class name="RefundService" filename="Modules/Refund/RefundService.php" line-rate="1.0" branch-rate="1.0" complexity="1.0">
          <methods>
            <method name="process" signature="" line-rate="1.0" branch-rate="1.0">
              <lines>
                <line number="50" hits="5"/>
                <line number="51" hits="5"/>
              </lines>
            </method>
          </methods>
          <lines>
            <line number="50" hits="5"/>
            <line number="51" hits="5"/>
          </lines>
        </class>
      </classes>
    </package>
  </packages>
</coverage>
